<?xml version="1.0" encoding="UTF-8"?>
<!-- Generated by org.testng.reporters.JUnitReportReporter -->
<testsuite hostname="QL-121" failures="0" tests="1" name="com.testlayer.CustomerOnboard" time="11.506" errors="0" timestamp="2023-04-27T11:00:10 IST" skipped="0">
  <testcase classname="com.testlayer.CustomerOnboard" name="custumOnb" time="11.506"/>
  <system-out/>
</testsuite> <!-- com.testlayer.CustomerOnboard -->
