<?xml version="1.0" encoding="UTF-8"?>
<!-- Generated by org.testng.reporters.JUnitReportReporter -->
<testsuite hostname="QL-121" failures="0" tests="1" name="com.testlayer.BuilderOnBoarding" time="81.671" errors="0" timestamp="2023-10-03T15:27:38 IST" skipped="0">
  <testcase classname="com.testlayer.BuilderOnBoarding" name="builderONBoard" time="81.671"/>
  <system-out/>
</testsuite> <!-- com.testlayer.BuilderOnBoarding -->
