<?xml version="1.0" encoding="UTF-8"?>
<!-- Generated by org.testng.reporters.JUnitReportReporter -->
<testsuite hostname="QL-121" failures="0" tests="1" name="com.testbase.TestBase" time="16.167" errors="0" timestamp="2023-04-26T17:23:21 IST" skipped="0">
  <testcase classname="com.testbase.TestBase" name="setUp" time="16.167"/>
  <system-out/>
</testsuite> <!-- com.testbase.TestBase -->
