<?xml version="1.0" encoding="UTF-8"?>
<!-- Generated by org.testng.reporters.JUnitReportReporter -->
<testsuite hostname="QL-121" failures="0" tests="1" name="com.testlayer.CustomerOnboardTest" time="84.176" errors="0" timestamp="2023-07-13T14:40:03 IST" skipped="0">
  <testcase classname="com.testlayer.CustomerOnboardTest" name="custumOnb" time="84.176"/>
  <system-out/>
</testsuite> <!-- com.testlayer.CustomerOnboardTest -->
