<?xml version="1.0" encoding="UTF-8"?>
<!-- Generated by org.testng.reporters.JUnitReportReporter -->
<testsuite hostname="QL-121" failures="0" tests="1" name="com.testlayer.NonREAonboardTest" time="155.866" errors="0" timestamp="2023-08-29T11:20:58 IST" skipped="0">
  <testcase classname="com.testlayer.NonREAonboardTest" name="nonReaOnboard" time="155.866"/>
  <system-out/>
</testsuite> <!-- com.testlayer.NonREAonboardTest -->
